Error:2021/04/26 13:51:03 email.go:25: 535 Login Fail. Please enter your authorization code to login. More information in http://service.mail.qq.com/cgi-bin/help?subtype=1&&id=28&&no=1001256
Error:2021/04/26 13:51:03 app.go:82: Create emailSender err: 535 Login Fail. Please enter your authorization code to login. More information in http://service.mail.qq.com/cgi-bin/help?subtype=1&&id=28&&no=1001256 
Error:2021/04/26 13:51:17 email.go:25: 535 Login Fail. Please enter your authorization code to login. More information in http://service.mail.qq.com/cgi-bin/help?subtype=1&&id=28&&no=1001256
Error:2021/04/26 13:51:17 app.go:82: Create emailSender err: 535 Login Fail. Please enter your authorization code to login. More information in http://service.mail.qq.com/cgi-bin/help?subtype=1&&id=28&&no=1001256 
Info:2021/04/26 13:51:35 engine.go:53: Rule file have been load conn 
Info:2021/04/26 13:51:35 engine.go:53: Rule file have been load ssh 
Info:2021/04/26 13:51:35 engine.go:53: Rule file have been load redis 
Info:2021/04/26 13:51:35 engine.go:53: Rule file have been load mysql 
Info:2021/04/26 13:51:35 engine.go:53: Rule file have been load mongodb 
Info:2021/04/26 13:51:35 engine.go:53: Rule file have been load icmp 
Info:2021/04/26 13:51:35 engine.go:53: Rule file have been load dns 
Info:2021/04/26 13:51:35 engine.go:53: Rule file have been load http 
Error:2021/04/26 13:51:39 app.go:155: Send es message err: elastic: Error 400 (Bad Request): index [nids-alert-2021.04.26/KW0KGj6LRbGlo8JGzEbUlQ] already exists [type=resource_already_exists_exception] 
Error:2021/04/26 13:51:39 app.go:155: Send es message err: elastic: Error 400 (Bad Request): index [nids-alert-2021.04.26/KW0KGj6LRbGlo8JGzEbUlQ] already exists [type=resource_already_exists_exception] 
Error:2021/04/26 13:51:39 app.go:155: Send es message err: elastic: Error 400 (Bad Request): index [nids-alert-2021.04.26/KW0KGj6LRbGlo8JGzEbUlQ] already exists [type=resource_already_exists_exception] 
Error:2021/04/26 13:51:39 app.go:155: Send es message err: elastic: Error 400 (Bad Request): index [nids-alert-2021.04.26/KW0KGj6LRbGlo8JGzEbUlQ] already exists [type=resource_already_exists_exception] 
Error:2021/04/26 13:51:39 app.go:155: Send es message err: elastic: Error 400 (Bad Request): index [nids-alert-2021.04.26/KW0KGj6LRbGlo8JGzEbUlQ] already exists [type=resource_already_exists_exception] 
Error:2021/04/26 13:51:39 app.go:155: Send es message err: elastic: Error 400 (Bad Request): index [nids-alert-2021.04.26/KW0KGj6LRbGlo8JGzEbUlQ] already exists [type=resource_already_exists_exception] 
Error:2021/04/26 13:51:39 app.go:155: Send es message err: elastic: Error 400 (Bad Request): index [nids-alert-2021.04.26/KW0KGj6LRbGlo8JGzEbUlQ] already exists [type=resource_already_exists_exception] 
Error:2021/04/26 13:51:42 main.go:54: Main app was interruped by system signal
